03-Jul-2024 19:06:21.999 INFOS [main] org.apache.catalina.startup.VersionLoggerListener.log Nom version serveur :              Apache Tomcat/10.0.27
03-Jul-2024 19:06:22.046 INFOS [main] org.apache.catalina.startup.VersionLoggerListener.log Serveur compilé :                  Oct 3 2022 14:18:31 UTC
03-Jul-2024 19:06:22.046 INFOS [main] org.apache.catalina.startup.VersionLoggerListener.log Version du serveur :               10.0.27.0
03-Jul-2024 19:06:22.046 INFOS [main] org.apache.catalina.startup.VersionLoggerListener.log Nom de l'OS :                      Windows 10
03-Jul-2024 19:06:22.046 INFOS [main] org.apache.catalina.startup.VersionLoggerListener.log Version OS :                       10.0
03-Jul-2024 19:06:22.046 INFOS [main] org.apache.catalina.startup.VersionLoggerListener.log Architecture :                     amd64
03-Jul-2024 19:06:22.046 INFOS [main] org.apache.catalina.startup.VersionLoggerListener.log Java Home :                        C:\Program Files\Java\jdk1.8.0_152\jre
03-Jul-2024 19:06:22.046 INFOS [main] org.apache.catalina.startup.VersionLoggerListener.log Version JVM :                      1.8.0_152-b16
03-Jul-2024 19:06:22.046 INFOS [main] org.apache.catalina.startup.VersionLoggerListener.log Fournisseur de la JVM :            Oracle Corporation
03-Jul-2024 19:06:22.046 INFOS [main] org.apache.catalina.startup.VersionLoggerListener.log CATALINA_BASE :                    C:\Users\NOMENIONY\Downloads\Compressed\GestiondeCaisseeee\apache-tomcat-10.0.27
03-Jul-2024 19:06:22.046 INFOS [main] org.apache.catalina.startup.VersionLoggerListener.log CATALINA_HOME :                    C:\Users\NOMENIONY\Downloads\Compressed\GestiondeCaisseeee\apache-tomcat-10.0.27
03-Jul-2024 19:06:22.093 INFOS [main] org.apache.catalina.startup.VersionLoggerListener.log Argument de la ligne de commande : -Djava.util.logging.config.file=C:\Users\NOMENIONY\Downloads\Compressed\GestiondeCaisseeee\apache-tomcat-10.0.27\conf\logging.properties
03-Jul-2024 19:06:22.093 INFOS [main] org.apache.catalina.startup.VersionLoggerListener.log Argument de la ligne de commande : -Djava.util.logging.manager=org.apache.juli.ClassLoaderLogManager
03-Jul-2024 19:06:22.093 INFOS [main] org.apache.catalina.startup.VersionLoggerListener.log Argument de la ligne de commande : -Dhttp.nonProxyHosts=localhost|127.0.0.1|Nomeniony
03-Jul-2024 19:06:22.093 INFOS [main] org.apache.catalina.startup.VersionLoggerListener.log Argument de la ligne de commande : -Djdk.tls.ephemeralDHKeySize=2048
03-Jul-2024 19:06:22.093 INFOS [main] org.apache.catalina.startup.VersionLoggerListener.log Argument de la ligne de commande : -Djava.protocol.handler.pkgs=org.apache.catalina.webresources
03-Jul-2024 19:06:22.093 INFOS [main] org.apache.catalina.startup.VersionLoggerListener.log Argument de la ligne de commande : -Dignore.endorsed.dirs=
03-Jul-2024 19:06:22.093 INFOS [main] org.apache.catalina.startup.VersionLoggerListener.log Argument de la ligne de commande : -Dcatalina.base=C:\Users\NOMENIONY\Downloads\Compressed\GestiondeCaisseeee\apache-tomcat-10.0.27
03-Jul-2024 19:06:22.093 INFOS [main] org.apache.catalina.startup.VersionLoggerListener.log Argument de la ligne de commande : -Dcatalina.home=C:\Users\NOMENIONY\Downloads\Compressed\GestiondeCaisseeee\apache-tomcat-10.0.27
03-Jul-2024 19:06:22.093 INFOS [main] org.apache.catalina.startup.VersionLoggerListener.log Argument de la ligne de commande : -Djava.io.tmpdir=C:\Users\NOMENIONY\Downloads\Compressed\GestiondeCaisseeee\apache-tomcat-10.0.27\temp
03-Jul-2024 19:06:22.124 INFOS [main] org.apache.catalina.core.AprLifecycleListener.lifecycleEvent Chargement de la librairie Apache Tomcat Native [1.2.35] en utilisant APR version [1.7.0]
03-Jul-2024 19:06:22.124 INFOS [main] org.apache.catalina.core.AprLifecycleListener.lifecycleEvent Fonctionnalités d'APR : IPv6 [true], sendfile [true], accept filters [false], random [true], UDS [true]
03-Jul-2024 19:06:22.139 INFOS [main] org.apache.catalina.core.AprLifecycleListener.initializeSSL OpenSSL a été initialisé avec succès [OpenSSL 1.1.1q  5 Jul 2022]
03-Jul-2024 19:06:25.952 INFOS [main] org.apache.coyote.AbstractProtocol.init Initialisation du gestionnaire de protocole ["http-nio-8081"]
03-Jul-2024 19:06:26.077 INFOS [main] org.apache.catalina.startup.Catalina.load L'initialisation du serveur a pris [5316] millisecondes
03-Jul-2024 19:06:26.280 INFOS [main] org.apache.catalina.core.StandardService.startInternal Démarrage du service [Catalina]
03-Jul-2024 19:06:26.280 INFOS [main] org.apache.catalina.core.StandardEngine.startInternal Démarrage du moteur de Servlets : [Apache Tomcat/10.0.27]
03-Jul-2024 19:06:26.327 INFOS [main] org.apache.catalina.startup.HostConfig.deployDescriptor Déploiement du descripteur de configuration [C:\Users\NOMENIONY\Downloads\Compressed\GestiondeCaisseeee\apache-tomcat-10.0.27\conf\Catalina\localhost\GestiondeCaisseeee.xml]
03-Jul-2024 19:06:26.436 AVERTISSEMENT [main] org.apache.catalina.startup.HostConfig.deployDescriptor L'attribut path avec la valeur [/GestiondeCaisseeee] dans le descripteur de déploiement [C:\Users\NOMENIONY\Downloads\Compressed\GestiondeCaisseeee\apache-tomcat-10.0.27\conf\Catalina\localhost\GestiondeCaisseeee.xml] a été ignoré
03-Jul-2024 19:06:26.577 GRAVE [main] org.apache.catalina.startup.HostConfig.deployDescriptor Erreur lors du déploiement du descripteur de configuration [C:\Users\NOMENIONY\Downloads\Compressed\GestiondeCaisseeee\apache-tomcat-10.0.27\conf\Catalina\localhost\GestiondeCaisseeee.xml]
	java.lang.IllegalStateException: Erreur lors du démarrage du conteneur fils
		at org.apache.catalina.core.ContainerBase.addChildInternal(ContainerBase.java:729)
		at org.apache.catalina.core.ContainerBase.addChild(ContainerBase.java:698)
		at org.apache.catalina.core.StandardHost.addChild(StandardHost.java:747)
		at org.apache.catalina.startup.HostConfig.deployDescriptor(HostConfig.java:693)
		at org.apache.catalina.startup.HostConfig$DeployDescriptor.run(HostConfig.java:1979)
		at java.util.concurrent.Executors$RunnableAdapter.call(Executors.java:511)
		at java.util.concurrent.FutureTask.run(FutureTask.java:266)
		at org.apache.tomcat.util.threads.InlineExecutorService.execute(InlineExecutorService.java:75)
		at java.util.concurrent.AbstractExecutorService.submit(AbstractExecutorService.java:112)
		at org.apache.catalina.startup.HostConfig.deployDescriptors(HostConfig.java:586)
		at org.apache.catalina.startup.HostConfig.deployApps(HostConfig.java:476)
		at org.apache.catalina.startup.HostConfig.start(HostConfig.java:1708)
		at org.apache.catalina.startup.HostConfig.lifecycleEvent(HostConfig.java:320)
		at org.apache.catalina.util.LifecycleBase.fireLifecycleEvent(LifecycleBase.java:123)
		at org.apache.catalina.util.LifecycleBase.setStateInternal(LifecycleBase.java:423)
		at org.apache.catalina.util.LifecycleBase.setState(LifecycleBase.java:366)
		at org.apache.catalina.core.ContainerBase.startInternal(ContainerBase.java:946)
		at org.apache.catalina.core.StandardHost.startInternal(StandardHost.java:886)
		at org.apache.catalina.util.LifecycleBase.start(LifecycleBase.java:183)
		at org.apache.catalina.core.ContainerBase$StartChild.call(ContainerBase.java:1396)
		at org.apache.catalina.core.ContainerBase$StartChild.call(ContainerBase.java:1386)
		at java.util.concurrent.FutureTask.run(FutureTask.java:266)
		at org.apache.tomcat.util.threads.InlineExecutorService.execute(InlineExecutorService.java:75)
		at java.util.concurrent.AbstractExecutorService.submit(AbstractExecutorService.java:134)
		at org.apache.catalina.core.ContainerBase.startInternal(ContainerBase.java:919)
		at org.apache.catalina.core.StandardEngine.startInternal(StandardEngine.java:265)
		at org.apache.catalina.util.LifecycleBase.start(LifecycleBase.java:183)
		at org.apache.catalina.core.StandardService.startInternal(StandardService.java:432)
		at org.apache.catalina.util.LifecycleBase.start(LifecycleBase.java:183)
		at org.apache.catalina.core.StandardServer.startInternal(StandardServer.java:930)
		at org.apache.catalina.util.LifecycleBase.start(LifecycleBase.java:183)
		at org.apache.catalina.startup.Catalina.start(Catalina.java:795)
		at sun.reflect.NativeMethodAccessorImpl.invoke0(Native Method)
		at sun.reflect.NativeMethodAccessorImpl.invoke(NativeMethodAccessorImpl.java:62)
		at sun.reflect.DelegatingMethodAccessorImpl.invoke(DelegatingMethodAccessorImpl.java:43)
		at java.lang.reflect.Method.invoke(Method.java:498)
		at org.apache.catalina.startup.Bootstrap.start(Bootstrap.java:345)
		at org.apache.catalina.startup.Bootstrap.main(Bootstrap.java:476)
	Caused by: org.apache.catalina.LifecycleException: Echec de démarrage du composant [org.apache.catalina.webresources.StandardRoot@3578436e]
		at org.apache.catalina.util.LifecycleBase.handleSubClassException(LifecycleBase.java:440)
		at org.apache.catalina.util.LifecycleBase.start(LifecycleBase.java:198)
		at org.apache.catalina.core.StandardContext.resourcesStart(StandardContext.java:4835)
		at org.apache.catalina.core.StandardContext.startInternal(StandardContext.java:4973)
		at org.apache.catalina.util.LifecycleBase.start(LifecycleBase.java:183)
		at org.apache.catalina.core.ContainerBase.addChildInternal(ContainerBase.java:726)
		... 37 more
	Caused by: java.lang.IllegalArgumentException: L'ensemble de ressources principal [C:\xampp\htdocs\GestiondeCaisseeee\build\web] est invalide
		at org.apache.catalina.webresources.StandardRoot.createMainResourceSet(StandardRoot.java:762)
		at org.apache.catalina.webresources.StandardRoot.startInternal(StandardRoot.java:719)
		at org.apache.catalina.util.LifecycleBase.start(LifecycleBase.java:183)
		... 41 more
03-Jul-2024 19:06:26.593 INFOS [main] org.apache.catalina.startup.HostConfig.deployDescriptor Le traitement du descripteur de déploiement [C:\Users\NOMENIONY\Downloads\Compressed\GestiondeCaisseeee\apache-tomcat-10.0.27\conf\Catalina\localhost\GestiondeCaisseeee.xml] a pris [266] ms
03-Jul-2024 19:06:26.593 INFOS [main] org.apache.catalina.startup.HostConfig.deployDirectory Déploiement du répertoire d'application web [C:\Users\NOMENIONY\Downloads\Compressed\GestiondeCaisseeee\apache-tomcat-10.0.27\webapps\docs]
03-Jul-2024 19:06:30.436 AVERTISSEMENT [main] org.apache.catalina.util.SessionIdGeneratorBase.createSecureRandom La création de l'instance de SecureRandom pour le générateur d'id de session en utilisant [SHA1PRNG] a pris [1 031] millisecondes
03-Jul-2024 19:06:30.593 INFOS [main] org.apache.catalina.startup.HostConfig.deployDirectory Le déploiement du répertoire [C:\Users\NOMENIONY\Downloads\Compressed\GestiondeCaisseeee\apache-tomcat-10.0.27\webapps\docs] de l'application web s'est terminé en [4 000] ms
03-Jul-2024 19:06:30.593 INFOS [main] org.apache.catalina.startup.HostConfig.deployDirectory Déploiement du répertoire d'application web [C:\Users\NOMENIONY\Downloads\Compressed\GestiondeCaisseeee\apache-tomcat-10.0.27\webapps\examples]
03-Jul-2024 19:06:32.552 INFOS [main] org.apache.catalina.startup.HostConfig.deployDirectory Le déploiement du répertoire [C:\Users\NOMENIONY\Downloads\Compressed\GestiondeCaisseeee\apache-tomcat-10.0.27\webapps\examples] de l'application web s'est terminé en [1 959] ms
03-Jul-2024 19:06:32.552 INFOS [main] org.apache.catalina.startup.HostConfig.deployDirectory Déploiement du répertoire d'application web [C:\Users\NOMENIONY\Downloads\Compressed\GestiondeCaisseeee\apache-tomcat-10.0.27\webapps\host-manager]
03-Jul-2024 19:06:32.693 INFOS [main] org.apache.catalina.startup.HostConfig.deployDirectory Le déploiement du répertoire [C:\Users\NOMENIONY\Downloads\Compressed\GestiondeCaisseeee\apache-tomcat-10.0.27\webapps\host-manager] de l'application web s'est terminé en [141] ms
03-Jul-2024 19:06:32.693 INFOS [main] org.apache.catalina.startup.HostConfig.deployDirectory Déploiement du répertoire d'application web [C:\Users\NOMENIONY\Downloads\Compressed\GestiondeCaisseeee\apache-tomcat-10.0.27\webapps\manager]
03-Jul-2024 19:06:32.880 INFOS [main] org.apache.catalina.startup.HostConfig.deployDirectory Le déploiement du répertoire [C:\Users\NOMENIONY\Downloads\Compressed\GestiondeCaisseeee\apache-tomcat-10.0.27\webapps\manager] de l'application web s'est terminé en [187] ms
03-Jul-2024 19:06:32.880 INFOS [main] org.apache.catalina.startup.HostConfig.deployDirectory Déploiement du répertoire d'application web [C:\Users\NOMENIONY\Downloads\Compressed\GestiondeCaisseeee\apache-tomcat-10.0.27\webapps\ROOT]
03-Jul-2024 19:06:33.021 INFOS [main] org.apache.catalina.startup.HostConfig.deployDirectory Le déploiement du répertoire [C:\Users\NOMENIONY\Downloads\Compressed\GestiondeCaisseeee\apache-tomcat-10.0.27\webapps\ROOT] de l'application web s'est terminé en [141] ms
03-Jul-2024 19:06:33.052 INFOS [main] org.apache.coyote.AbstractProtocol.start Démarrage du gestionnaire de protocole ["http-nio-8081"]
03-Jul-2024 19:06:33.190 INFOS [main] org.apache.catalina.startup.Catalina.start Le démarrage du serveur a pris [7117] millisecondes
03-Jul-2024 19:06:55.839 INFOS [http-nio-8081-exec-10] org.apache.catalina.startup.HostConfig.undeploy Retrait de l'application web ayant pour chemin de contexte [/GestiondeCaisseeee]
03-Jul-2024 19:06:56.136 INFOS [http-nio-8081-exec-2] org.apache.catalina.startup.HostConfig.deployDescriptor Déploiement du descripteur de configuration [C:\Users\NOMENIONY\Downloads\Compressed\GestiondeCaisseeee\apache-tomcat-10.0.27\conf\Catalina\localhost\GestiondeCaisseeee.xml]
03-Jul-2024 19:06:56.136 AVERTISSEMENT [http-nio-8081-exec-2] org.apache.catalina.startup.HostConfig.deployDescriptor L'attribut path avec la valeur [/GestiondeCaisseeee] dans le descripteur de déploiement [C:\Users\NOMENIONY\Downloads\Compressed\GestiondeCaisseeee\apache-tomcat-10.0.27\conf\Catalina\localhost\GestiondeCaisseeee.xml] a été ignoré
03-Jul-2024 19:06:58.276 INFOS [http-nio-8081-exec-2] org.apache.jasper.servlet.TldScanner.scanJars Au moins un fichier JAR a été analysé pour trouver des TLDs mais il n'en contenait pas, le mode "debug" du journal peut être activé pour obtenir une liste complète de JAR scannés sans succès ; éviter d'analyser des JARs inutilement peut améliorer sensiblement le temps de démarrage et le temps de compilation des JSPs
03-Jul-2024 19:06:58.292 INFOS [http-nio-8081-exec-2] org.apache.catalina.startup.HostConfig.deployDescriptor Le traitement du descripteur de déploiement [C:\Users\NOMENIONY\Downloads\Compressed\GestiondeCaisseeee\apache-tomcat-10.0.27\conf\Catalina\localhost\GestiondeCaisseeee.xml] a pris [2 156] ms
03-Jul-2024 19:06:58.307 INFOS [http-nio-8081-exec-8] org.apache.catalina.util.LifecycleBase.start La méthode start() a été appelée sur le composant [StandardEngine[Catalina].StandardHost[localhost].StandardContext[/GestiondeCaisseeee]] après que start() ait déjà été appelé, le deuxième appel sera ignoré
03-Jul-2024 19:08:24.353 INFOS [main] org.apache.catalina.core.StandardServer.await Une commande d'arrêt valide a été reçue sur le port d'arrêt, arrêt de l'instance du serveur
03-Jul-2024 19:08:24.353 INFOS [main] org.apache.coyote.AbstractProtocol.pause Le gestionnaire de protocole ["http-nio-8081"] est mis en pause
03-Jul-2024 19:08:24.775 INFOS [main] org.apache.catalina.core.StandardService.stopInternal Arrêt du service [Catalina]
03-Jul-2024 19:08:24.977 INFOS [main] org.apache.coyote.AbstractProtocol.stop Arrêt du gestionnaire de protocole ["http-nio-8081"]
03-Jul-2024 19:08:24.993 INFOS [main] org.apache.coyote.AbstractProtocol.destroy Destruction du gestionnaire de protocole ["http-nio-8081"]
03-Jul-2024 19:08:36.826 INFOS [main] org.apache.catalina.startup.VersionLoggerListener.log Nom version serveur :              Apache Tomcat/10.0.27
03-Jul-2024 19:08:36.842 INFOS [main] org.apache.catalina.startup.VersionLoggerListener.log Serveur compilé :                  Oct 3 2022 14:18:31 UTC
03-Jul-2024 19:08:36.842 INFOS [main] org.apache.catalina.startup.VersionLoggerListener.log Version du serveur :               10.0.27.0
03-Jul-2024 19:08:36.842 INFOS [main] org.apache.catalina.startup.VersionLoggerListener.log Nom de l'OS :                      Windows 10
03-Jul-2024 19:08:36.842 INFOS [main] org.apache.catalina.startup.VersionLoggerListener.log Version OS :                       10.0
03-Jul-2024 19:08:36.842 INFOS [main] org.apache.catalina.startup.VersionLoggerListener.log Architecture :                     amd64
03-Jul-2024 19:08:36.842 INFOS [main] org.apache.catalina.startup.VersionLoggerListener.log Java Home :                        C:\Program Files\Java\jdk1.8.0_152\jre
03-Jul-2024 19:08:36.842 INFOS [main] org.apache.catalina.startup.VersionLoggerListener.log Version JVM :                      1.8.0_152-b16
03-Jul-2024 19:08:36.842 INFOS [main] org.apache.catalina.startup.VersionLoggerListener.log Fournisseur de la JVM :            Oracle Corporation
03-Jul-2024 19:08:36.842 INFOS [main] org.apache.catalina.startup.VersionLoggerListener.log CATALINA_BASE :                    C:\Users\NOMENIONY\Downloads\Compressed\GestiondeCaisseeee\apache-tomcat-10.0.27
03-Jul-2024 19:08:36.842 INFOS [main] org.apache.catalina.startup.VersionLoggerListener.log CATALINA_HOME :                    C:\Users\NOMENIONY\Downloads\Compressed\GestiondeCaisseeee\apache-tomcat-10.0.27
03-Jul-2024 19:08:36.842 INFOS [main] org.apache.catalina.startup.VersionLoggerListener.log Argument de la ligne de commande : -Djava.util.logging.config.file=C:\Users\NOMENIONY\Downloads\Compressed\GestiondeCaisseeee\apache-tomcat-10.0.27\conf\logging.properties
03-Jul-2024 19:08:36.842 INFOS [main] org.apache.catalina.startup.VersionLoggerListener.log Argument de la ligne de commande : -Djava.util.logging.manager=org.apache.juli.ClassLoaderLogManager
03-Jul-2024 19:08:36.842 INFOS [main] org.apache.catalina.startup.VersionLoggerListener.log Argument de la ligne de commande : -Dhttp.nonProxyHosts=localhost|127.0.0.1|Nomeniony
03-Jul-2024 19:08:36.842 INFOS [main] org.apache.catalina.startup.VersionLoggerListener.log Argument de la ligne de commande : -Djdk.tls.ephemeralDHKeySize=2048
03-Jul-2024 19:08:36.842 INFOS [main] org.apache.catalina.startup.VersionLoggerListener.log Argument de la ligne de commande : -Djava.protocol.handler.pkgs=org.apache.catalina.webresources
03-Jul-2024 19:08:36.842 INFOS [main] org.apache.catalina.startup.VersionLoggerListener.log Argument de la ligne de commande : -Dignore.endorsed.dirs=
03-Jul-2024 19:08:36.842 INFOS [main] org.apache.catalina.startup.VersionLoggerListener.log Argument de la ligne de commande : -Dcatalina.base=C:\Users\NOMENIONY\Downloads\Compressed\GestiondeCaisseeee\apache-tomcat-10.0.27
03-Jul-2024 19:08:36.842 INFOS [main] org.apache.catalina.startup.VersionLoggerListener.log Argument de la ligne de commande : -Dcatalina.home=C:\Users\NOMENIONY\Downloads\Compressed\GestiondeCaisseeee\apache-tomcat-10.0.27
03-Jul-2024 19:08:36.842 INFOS [main] org.apache.catalina.startup.VersionLoggerListener.log Argument de la ligne de commande : -Djava.io.tmpdir=C:\Users\NOMENIONY\Downloads\Compressed\GestiondeCaisseeee\apache-tomcat-10.0.27\temp
03-Jul-2024 19:08:36.858 INFOS [main] org.apache.catalina.core.AprLifecycleListener.lifecycleEvent Chargement de la librairie Apache Tomcat Native [1.2.35] en utilisant APR version [1.7.0]
03-Jul-2024 19:08:36.858 INFOS [main] org.apache.catalina.core.AprLifecycleListener.lifecycleEvent Fonctionnalités d'APR : IPv6 [true], sendfile [true], accept filters [false], random [true], UDS [true]
03-Jul-2024 19:08:36.905 INFOS [main] org.apache.catalina.core.AprLifecycleListener.initializeSSL OpenSSL a été initialisé avec succès [OpenSSL 1.1.1q  5 Jul 2022]
03-Jul-2024 19:08:38.436 INFOS [main] org.apache.coyote.AbstractProtocol.init Initialisation du gestionnaire de protocole ["http-nio-8081"]
03-Jul-2024 19:08:38.561 INFOS [main] org.apache.catalina.startup.Catalina.load L'initialisation du serveur a pris [2484] millisecondes
03-Jul-2024 19:08:38.826 INFOS [main] org.apache.catalina.core.StandardService.startInternal Démarrage du service [Catalina]
03-Jul-2024 19:08:38.826 INFOS [main] org.apache.catalina.core.StandardEngine.startInternal Démarrage du moteur de Servlets : [Apache Tomcat/10.0.27]
03-Jul-2024 19:08:38.905 INFOS [main] org.apache.catalina.startup.HostConfig.deployDescriptor Déploiement du descripteur de configuration [C:\Users\NOMENIONY\Downloads\Compressed\GestiondeCaisseeee\apache-tomcat-10.0.27\conf\Catalina\localhost\GestiondeCaisseeee.xml]
03-Jul-2024 19:08:38.983 AVERTISSEMENT [main] org.apache.catalina.startup.HostConfig.deployDescriptor L'attribut path avec la valeur [/GestiondeCaisseeee] dans le descripteur de déploiement [C:\Users\NOMENIONY\Downloads\Compressed\GestiondeCaisseeee\apache-tomcat-10.0.27\conf\Catalina\localhost\GestiondeCaisseeee.xml] a été ignoré
03-Jul-2024 19:08:41.264 INFOS [main] org.apache.jasper.servlet.TldScanner.scanJars Au moins un fichier JAR a été analysé pour trouver des TLDs mais il n'en contenait pas, le mode "debug" du journal peut être activé pour obtenir une liste complète de JAR scannés sans succès ; éviter d'analyser des JARs inutilement peut améliorer sensiblement le temps de démarrage et le temps de compilation des JSPs
03-Jul-2024 19:08:42.467 AVERTISSEMENT [main] org.apache.catalina.util.SessionIdGeneratorBase.createSecureRandom La création de l'instance de SecureRandom pour le générateur d'id de session en utilisant [SHA1PRNG] a pris [906] millisecondes
03-Jul-2024 19:08:42.561 INFOS [main] org.apache.catalina.startup.HostConfig.deployDescriptor Le traitement du descripteur de déploiement [C:\Users\NOMENIONY\Downloads\Compressed\GestiondeCaisseeee\apache-tomcat-10.0.27\conf\Catalina\localhost\GestiondeCaisseeee.xml] a pris [3 656] ms
03-Jul-2024 19:08:42.561 INFOS [main] org.apache.catalina.startup.HostConfig.deployDirectory Déploiement du répertoire d'application web [C:\Users\NOMENIONY\Downloads\Compressed\GestiondeCaisseeee\apache-tomcat-10.0.27\webapps\docs]
03-Jul-2024 19:08:42.655 INFOS [main] org.apache.catalina.startup.HostConfig.deployDirectory Le déploiement du répertoire [C:\Users\NOMENIONY\Downloads\Compressed\GestiondeCaisseeee\apache-tomcat-10.0.27\webapps\docs] de l'application web s'est terminé en [94] ms
03-Jul-2024 19:08:42.655 INFOS [main] org.apache.catalina.startup.HostConfig.deployDirectory Déploiement du répertoire d'application web [C:\Users\NOMENIONY\Downloads\Compressed\GestiondeCaisseeee\apache-tomcat-10.0.27\webapps\examples]
03-Jul-2024 19:08:44.186 INFOS [main] org.apache.catalina.startup.HostConfig.deployDirectory Le déploiement du répertoire [C:\Users\NOMENIONY\Downloads\Compressed\GestiondeCaisseeee\apache-tomcat-10.0.27\webapps\examples] de l'application web s'est terminé en [1 531] ms
03-Jul-2024 19:08:44.186 INFOS [main] org.apache.catalina.startup.HostConfig.deployDirectory Déploiement du répertoire d'application web [C:\Users\NOMENIONY\Downloads\Compressed\GestiondeCaisseeee\apache-tomcat-10.0.27\webapps\host-manager]
03-Jul-2024 19:08:44.701 INFOS [main] org.apache.catalina.startup.HostConfig.deployDirectory Le déploiement du répertoire [C:\Users\NOMENIONY\Downloads\Compressed\GestiondeCaisseeee\apache-tomcat-10.0.27\webapps\host-manager] de l'application web s'est terminé en [515] ms
03-Jul-2024 19:08:44.701 INFOS [main] org.apache.catalina.startup.HostConfig.deployDirectory Déploiement du répertoire d'application web [C:\Users\NOMENIONY\Downloads\Compressed\GestiondeCaisseeee\apache-tomcat-10.0.27\webapps\manager]
03-Jul-2024 19:08:44.998 INFOS [main] org.apache.catalina.startup.HostConfig.deployDirectory Le déploiement du répertoire [C:\Users\NOMENIONY\Downloads\Compressed\GestiondeCaisseeee\apache-tomcat-10.0.27\webapps\manager] de l'application web s'est terminé en [297] ms
03-Jul-2024 19:08:45.014 INFOS [main] org.apache.catalina.startup.HostConfig.deployDirectory Déploiement du répertoire d'application web [C:\Users\NOMENIONY\Downloads\Compressed\GestiondeCaisseeee\apache-tomcat-10.0.27\webapps\ROOT]
03-Jul-2024 19:08:45.201 INFOS [main] org.apache.catalina.startup.HostConfig.deployDirectory Le déploiement du répertoire [C:\Users\NOMENIONY\Downloads\Compressed\GestiondeCaisseeee\apache-tomcat-10.0.27\webapps\ROOT] de l'application web s'est terminé en [187] ms
03-Jul-2024 19:08:45.217 INFOS [main] org.apache.coyote.AbstractProtocol.start Démarrage du gestionnaire de protocole ["http-nio-8081"]
03-Jul-2024 19:08:45.280 INFOS [main] org.apache.catalina.startup.Catalina.start Le démarrage du serveur a pris [6716] millisecondes
03-Jul-2024 19:09:41.463 INFOS [main] org.apache.catalina.core.StandardServer.await Une commande d'arrêt valide a été reçue sur le port d'arrêt, arrêt de l'instance du serveur
03-Jul-2024 19:09:41.463 INFOS [main] org.apache.coyote.AbstractProtocol.pause Le gestionnaire de protocole ["http-nio-8081"] est mis en pause
03-Jul-2024 19:09:41.885 INFOS [main] org.apache.catalina.core.StandardService.stopInternal Arrêt du service [Catalina]
03-Jul-2024 19:09:42.068 INFOS [main] org.apache.coyote.AbstractProtocol.stop Arrêt du gestionnaire de protocole ["http-nio-8081"]
03-Jul-2024 19:09:42.083 INFOS [main] org.apache.coyote.AbstractProtocol.destroy Destruction du gestionnaire de protocole ["http-nio-8081"]
03-Jul-2024 19:09:53.808 INFOS [main] org.apache.catalina.startup.VersionLoggerListener.log Nom version serveur :              Apache Tomcat/10.0.27
03-Jul-2024 19:09:53.824 INFOS [main] org.apache.catalina.startup.VersionLoggerListener.log Serveur compilé :                  Oct 3 2022 14:18:31 UTC
03-Jul-2024 19:09:53.824 INFOS [main] org.apache.catalina.startup.VersionLoggerListener.log Version du serveur :               10.0.27.0
03-Jul-2024 19:09:53.824 INFOS [main] org.apache.catalina.startup.VersionLoggerListener.log Nom de l'OS :                      Windows 10
03-Jul-2024 19:09:53.824 INFOS [main] org.apache.catalina.startup.VersionLoggerListener.log Version OS :                       10.0
03-Jul-2024 19:09:53.824 INFOS [main] org.apache.catalina.startup.VersionLoggerListener.log Architecture :                     amd64
03-Jul-2024 19:09:53.824 INFOS [main] org.apache.catalina.startup.VersionLoggerListener.log Java Home :                        C:\Program Files\Java\jdk1.8.0_152\jre
03-Jul-2024 19:09:53.824 INFOS [main] org.apache.catalina.startup.VersionLoggerListener.log Version JVM :                      1.8.0_152-b16
03-Jul-2024 19:09:53.824 INFOS [main] org.apache.catalina.startup.VersionLoggerListener.log Fournisseur de la JVM :            Oracle Corporation
03-Jul-2024 19:09:53.824 INFOS [main] org.apache.catalina.startup.VersionLoggerListener.log CATALINA_BASE :                    C:\Users\NOMENIONY\Downloads\Compressed\GestiondeCaisseeee\apache-tomcat-10.0.27
03-Jul-2024 19:09:53.824 INFOS [main] org.apache.catalina.startup.VersionLoggerListener.log CATALINA_HOME :                    C:\Users\NOMENIONY\Downloads\Compressed\GestiondeCaisseeee\apache-tomcat-10.0.27
03-Jul-2024 19:09:53.824 INFOS [main] org.apache.catalina.startup.VersionLoggerListener.log Argument de la ligne de commande : -Djava.util.logging.config.file=C:\Users\NOMENIONY\Downloads\Compressed\GestiondeCaisseeee\apache-tomcat-10.0.27\conf\logging.properties
03-Jul-2024 19:09:53.824 INFOS [main] org.apache.catalina.startup.VersionLoggerListener.log Argument de la ligne de commande : -Djava.util.logging.manager=org.apache.juli.ClassLoaderLogManager
03-Jul-2024 19:09:53.824 INFOS [main] org.apache.catalina.startup.VersionLoggerListener.log Argument de la ligne de commande : -Dhttp.nonProxyHosts=localhost|127.0.0.1|Nomeniony
03-Jul-2024 19:09:53.824 INFOS [main] org.apache.catalina.startup.VersionLoggerListener.log Argument de la ligne de commande : -Djdk.tls.ephemeralDHKeySize=2048
03-Jul-2024 19:09:53.824 INFOS [main] org.apache.catalina.startup.VersionLoggerListener.log Argument de la ligne de commande : -Djava.protocol.handler.pkgs=org.apache.catalina.webresources
03-Jul-2024 19:09:53.824 INFOS [main] org.apache.catalina.startup.VersionLoggerListener.log Argument de la ligne de commande : -Dignore.endorsed.dirs=
03-Jul-2024 19:09:53.824 INFOS [main] org.apache.catalina.startup.VersionLoggerListener.log Argument de la ligne de commande : -Dcatalina.base=C:\Users\NOMENIONY\Downloads\Compressed\GestiondeCaisseeee\apache-tomcat-10.0.27
03-Jul-2024 19:09:53.824 INFOS [main] org.apache.catalina.startup.VersionLoggerListener.log Argument de la ligne de commande : -Dcatalina.home=C:\Users\NOMENIONY\Downloads\Compressed\GestiondeCaisseeee\apache-tomcat-10.0.27
03-Jul-2024 19:09:53.824 INFOS [main] org.apache.catalina.startup.VersionLoggerListener.log Argument de la ligne de commande : -Djava.io.tmpdir=C:\Users\NOMENIONY\Downloads\Compressed\GestiondeCaisseeee\apache-tomcat-10.0.27\temp
03-Jul-2024 19:09:53.840 INFOS [main] org.apache.catalina.core.AprLifecycleListener.lifecycleEvent Chargement de la librairie Apache Tomcat Native [1.2.35] en utilisant APR version [1.7.0]
03-Jul-2024 19:09:53.840 INFOS [main] org.apache.catalina.core.AprLifecycleListener.lifecycleEvent Fonctionnalités d'APR : IPv6 [true], sendfile [true], accept filters [false], random [true], UDS [true]
03-Jul-2024 19:09:53.855 INFOS [main] org.apache.catalina.core.AprLifecycleListener.initializeSSL OpenSSL a été initialisé avec succès [OpenSSL 1.1.1q  5 Jul 2022]
03-Jul-2024 19:09:55.183 INFOS [main] org.apache.coyote.AbstractProtocol.init Initialisation du gestionnaire de protocole ["http-nio-8081"]
03-Jul-2024 19:09:55.277 INFOS [main] org.apache.catalina.startup.Catalina.load L'initialisation du serveur a pris [2109] millisecondes
03-Jul-2024 19:09:55.418 INFOS [main] org.apache.catalina.core.StandardService.startInternal Démarrage du service [Catalina]
03-Jul-2024 19:09:55.418 INFOS [main] org.apache.catalina.core.StandardEngine.startInternal Démarrage du moteur de Servlets : [Apache Tomcat/10.0.27]
03-Jul-2024 19:09:55.433 INFOS [main] org.apache.catalina.startup.HostConfig.deployDescriptor Déploiement du descripteur de configuration [C:\Users\NOMENIONY\Downloads\Compressed\GestiondeCaisseeee\apache-tomcat-10.0.27\conf\Catalina\localhost\GestiondeCaisseeee.xml]
03-Jul-2024 19:09:55.496 AVERTISSEMENT [main] org.apache.catalina.startup.HostConfig.deployDescriptor L'attribut path avec la valeur [/GestiondeCaisseeee] dans le descripteur de déploiement [C:\Users\NOMENIONY\Downloads\Compressed\GestiondeCaisseeee\apache-tomcat-10.0.27\conf\Catalina\localhost\GestiondeCaisseeee.xml] a été ignoré
03-Jul-2024 19:09:57.137 INFOS [main] org.apache.jasper.servlet.TldScanner.scanJars Au moins un fichier JAR a été analysé pour trouver des TLDs mais il n'en contenait pas, le mode "debug" du journal peut être activé pour obtenir une liste complète de JAR scannés sans succès ; éviter d'analyser des JARs inutilement peut améliorer sensiblement le temps de démarrage et le temps de compilation des JSPs
03-Jul-2024 19:09:57.558 AVERTISSEMENT [main] org.apache.catalina.util.SessionIdGeneratorBase.createSecureRandom La création de l'instance de SecureRandom pour le générateur d'id de session en utilisant [SHA1PRNG] a pris [328] millisecondes
03-Jul-2024 19:09:57.668 INFOS [main] org.apache.catalina.startup.HostConfig.deployDescriptor Le traitement du descripteur de déploiement [C:\Users\NOMENIONY\Downloads\Compressed\GestiondeCaisseeee\apache-tomcat-10.0.27\conf\Catalina\localhost\GestiondeCaisseeee.xml] a pris [2 235] ms
03-Jul-2024 19:09:57.668 INFOS [main] org.apache.catalina.startup.HostConfig.deployDirectory Déploiement du répertoire d'application web [C:\Users\NOMENIONY\Downloads\Compressed\GestiondeCaisseeee\apache-tomcat-10.0.27\webapps\docs]
03-Jul-2024 19:09:57.777 INFOS [main] org.apache.catalina.startup.HostConfig.deployDirectory Le déploiement du répertoire [C:\Users\NOMENIONY\Downloads\Compressed\GestiondeCaisseeee\apache-tomcat-10.0.27\webapps\docs] de l'application web s'est terminé en [109] ms
03-Jul-2024 19:09:57.777 INFOS [main] org.apache.catalina.startup.HostConfig.deployDirectory Déploiement du répertoire d'application web [C:\Users\NOMENIONY\Downloads\Compressed\GestiondeCaisseeee\apache-tomcat-10.0.27\webapps\examples]
03-Jul-2024 19:09:58.996 INFOS [main] org.apache.catalina.startup.HostConfig.deployDirectory Le déploiement du répertoire [C:\Users\NOMENIONY\Downloads\Compressed\GestiondeCaisseeee\apache-tomcat-10.0.27\webapps\examples] de l'application web s'est terminé en [1 219] ms
03-Jul-2024 19:09:58.996 INFOS [main] org.apache.catalina.startup.HostConfig.deployDirectory Déploiement du répertoire d'application web [C:\Users\NOMENIONY\Downloads\Compressed\GestiondeCaisseeee\apache-tomcat-10.0.27\webapps\host-manager]
03-Jul-2024 19:09:59.199 INFOS [main] org.apache.catalina.startup.HostConfig.deployDirectory Le déploiement du répertoire [C:\Users\NOMENIONY\Downloads\Compressed\GestiondeCaisseeee\apache-tomcat-10.0.27\webapps\host-manager] de l'application web s'est terminé en [203] ms
03-Jul-2024 19:09:59.199 INFOS [main] org.apache.catalina.startup.HostConfig.deployDirectory Déploiement du répertoire d'application web [C:\Users\NOMENIONY\Downloads\Compressed\GestiondeCaisseeee\apache-tomcat-10.0.27\webapps\manager]
03-Jul-2024 19:09:59.340 INFOS [main] org.apache.catalina.startup.HostConfig.deployDirectory Le déploiement du répertoire [C:\Users\NOMENIONY\Downloads\Compressed\GestiondeCaisseeee\apache-tomcat-10.0.27\webapps\manager] de l'application web s'est terminé en [141] ms
03-Jul-2024 19:09:59.340 INFOS [main] org.apache.catalina.startup.HostConfig.deployDirectory Déploiement du répertoire d'application web [C:\Users\NOMENIONY\Downloads\Compressed\GestiondeCaisseeee\apache-tomcat-10.0.27\webapps\ROOT]
03-Jul-2024 19:09:59.433 INFOS [main] org.apache.catalina.startup.HostConfig.deployDirectory Le déploiement du répertoire [C:\Users\NOMENIONY\Downloads\Compressed\GestiondeCaisseeee\apache-tomcat-10.0.27\webapps\ROOT] de l'application web s'est terminé en [93] ms
03-Jul-2024 19:09:59.433 INFOS [main] org.apache.coyote.AbstractProtocol.start Démarrage du gestionnaire de protocole ["http-nio-8081"]
03-Jul-2024 19:09:59.480 INFOS [main] org.apache.catalina.startup.Catalina.start Le démarrage du serveur a pris [4203] millisecondes
03-Jul-2024 19:48:15.227 INFOS [main] org.apache.catalina.core.StandardServer.await Une commande d'arrêt valide a été reçue sur le port d'arrêt, arrêt de l'instance du serveur
03-Jul-2024 19:48:15.232 INFOS [main] org.apache.coyote.AbstractProtocol.pause Le gestionnaire de protocole ["http-nio-8081"] est mis en pause
03-Jul-2024 19:48:15.866 INFOS [main] org.apache.catalina.core.StandardService.stopInternal Arrêt du service [Catalina]
03-Jul-2024 19:48:15.962 AVERTISSEMENT [main] org.apache.catalina.loader.WebappClassLoaderBase.clearReferencesJdbc L'application web [GestiondeCaisseeee] a enregistré un pilote JDBC [com.mysql.jdbc.Driver], mais ne l'a pas désenregistré avant l'arrêt de l'application.  Pour éviter une fuite de mémoire, le pilote JDBC a été désenregistré de force.
03-Jul-2024 19:48:15.967 AVERTISSEMENT [main] org.apache.catalina.loader.WebappClassLoaderBase.clearReferencesThreads L'application web [GestiondeCaisseeee] semble avoir démarré un thread nommé [MySQL Statement Cancellation Timer] mais ne l'a pas arrêté, ce qui va probablement créer une fuite de mémoire ; la trace du thread est : 
 java.lang.Object.wait(Native Method)
 java.lang.Object.wait(Object.java:502)
 java.util.TimerThread.mainLoop(Timer.java:526)
 java.util.TimerThread.run(Timer.java:505)
03-Jul-2024 19:48:15.992 INFOS [main] org.apache.coyote.AbstractProtocol.stop Arrêt du gestionnaire de protocole ["http-nio-8081"]
03-Jul-2024 19:48:16.027 INFOS [main] org.apache.coyote.AbstractProtocol.destroy Destruction du gestionnaire de protocole ["http-nio-8081"]
