03-Jul-2024 19:06:32.490 INFOS [main] org.apache.catalina.core.ApplicationContext.log ContextListener: contextInitialized()
03-Jul-2024 19:06:32.490 INFOS [main] org.apache.catalina.core.ApplicationContext.log SessionListener: contextInitialized()
03-Jul-2024 19:06:32.490 INFOS [main] org.apache.catalina.core.ApplicationContext.log ContextListener: attributeAdded('StockTicker', 'async.Stockticker@5552768b')
03-Jul-2024 19:08:24.852 INFOS [main] org.apache.catalina.core.ApplicationContext.log SessionListener: contextDestroyed()
03-Jul-2024 19:08:24.852 INFOS [main] org.apache.catalina.core.ApplicationContext.log ContextListener: contextDestroyed()
03-Jul-2024 19:08:44.030 INFOS [main] org.apache.catalina.core.ApplicationContext.log ContextListener: contextInitialized()
03-Jul-2024 19:08:44.030 INFOS [main] org.apache.catalina.core.ApplicationContext.log SessionListener: contextInitialized()
03-Jul-2024 19:08:44.030 INFOS [main] org.apache.catalina.core.ApplicationContext.log ContextListener: attributeAdded('StockTicker', 'async.Stockticker@624ea235')
03-Jul-2024 19:09:41.990 INFOS [main] org.apache.catalina.core.ApplicationContext.log SessionListener: contextDestroyed()
03-Jul-2024 19:09:42.005 INFOS [main] org.apache.catalina.core.ApplicationContext.log ContextListener: contextDestroyed()
03-Jul-2024 19:09:58.965 INFOS [main] org.apache.catalina.core.ApplicationContext.log ContextListener: contextInitialized()
03-Jul-2024 19:09:58.965 INFOS [main] org.apache.catalina.core.ApplicationContext.log SessionListener: contextInitialized()
03-Jul-2024 19:09:58.980 INFOS [main] org.apache.catalina.core.ApplicationContext.log ContextListener: attributeAdded('StockTicker', 'async.Stockticker@624ea235')
03-Jul-2024 19:10:50.968 GRAVE [http-nio-8081-exec-4] org.apache.catalina.core.StandardWrapperValve.invoke Servlet.service() du Servlet [jsp] dans le contexte au chemin [/GestiondeCaisseeee] a retourné une exception [Une exception s'est produite lors du traitement de [/ModifierVolaMivoka.jsp] à la ligne [64]

61:                             PreparedStatement pst;
62:                             ResultSet rs;
63:                             Class.forName("com.mysql.jdbc.Driver");
64:                             con=DriverManager.getConnection("jdbc:mysql://localhost/gestiondecaisse","root","");
65: 
66:                             String id=request.getParameter("id");
67:                             pst=con.prepareStatement("SELECT * FROM volamivoaka WHERE id=?");


Stacktrace:] avec la cause
	com.mysql.jdbc.exceptions.jdbc4.MySQLSyntaxErrorException: Unknown database 'gestiondecaisse'
		at sun.reflect.NativeConstructorAccessorImpl.newInstance0(Native Method)
		at sun.reflect.NativeConstructorAccessorImpl.newInstance(NativeConstructorAccessorImpl.java:62)
		at sun.reflect.DelegatingConstructorAccessorImpl.newInstance(DelegatingConstructorAccessorImpl.java:45)
		at java.lang.reflect.Constructor.newInstance(Constructor.java:423)
		at com.mysql.jdbc.Util.handleNewInstance(Util.java:406)
		at com.mysql.jdbc.Util.getInstance(Util.java:381)
		at com.mysql.jdbc.SQLError.createSQLException(SQLError.java:1030)
		at com.mysql.jdbc.SQLError.createSQLException(SQLError.java:956)
		at com.mysql.jdbc.MysqlIO.checkErrorPacket(MysqlIO.java:3491)
		at com.mysql.jdbc.MysqlIO.checkErrorPacket(MysqlIO.java:3423)
		at com.mysql.jdbc.MysqlIO.checkErrorPacket(MysqlIO.java:910)
		at com.mysql.jdbc.MysqlIO.secureAuth411(MysqlIO.java:3923)
		at com.mysql.jdbc.MysqlIO.doHandshake(MysqlIO.java:1273)
		at com.mysql.jdbc.ConnectionImpl.createNewIO(ConnectionImpl.java:2031)
		at com.mysql.jdbc.ConnectionImpl.<init>(ConnectionImpl.java:718)
		at com.mysql.jdbc.JDBC4Connection.<init>(JDBC4Connection.java:46)
		at sun.reflect.NativeConstructorAccessorImpl.newInstance0(Native Method)
		at sun.reflect.NativeConstructorAccessorImpl.newInstance(NativeConstructorAccessorImpl.java:62)
		at sun.reflect.DelegatingConstructorAccessorImpl.newInstance(DelegatingConstructorAccessorImpl.java:45)
		at java.lang.reflect.Constructor.newInstance(Constructor.java:423)
		at com.mysql.jdbc.Util.handleNewInstance(Util.java:406)
		at com.mysql.jdbc.ConnectionImpl.getInstance(ConnectionImpl.java:302)
		at com.mysql.jdbc.NonRegisteringDriver.connect(NonRegisteringDriver.java:282)
		at java.sql.DriverManager.getConnection(DriverManager.java:664)
		at java.sql.DriverManager.getConnection(DriverManager.java:247)
		at org.apache.jsp.ModifierVolaMivoka_jsp._jspService(ModifierVolaMivoka_jsp.java:306)
		at org.apache.jasper.runtime.HttpJspBase.service(HttpJspBase.java:70)
		at jakarta.servlet.http.HttpServlet.service(HttpServlet.java:792)
		at org.apache.jasper.servlet.JspServletWrapper.service(JspServletWrapper.java:466)
		at org.apache.jasper.servlet.JspServlet.serviceJspFile(JspServlet.java:380)
		at org.apache.jasper.servlet.JspServlet.service(JspServlet.java:328)
		at jakarta.servlet.http.HttpServlet.service(HttpServlet.java:792)
		at org.apache.catalina.core.ApplicationFilterChain.internalDoFilter(ApplicationFilterChain.java:223)
		at org.apache.catalina.core.ApplicationFilterChain.doFilter(ApplicationFilterChain.java:158)
		at org.apache.tomcat.websocket.server.WsFilter.doFilter(WsFilter.java:53)
		at org.apache.catalina.core.ApplicationFilterChain.internalDoFilter(ApplicationFilterChain.java:185)
		at org.apache.catalina.core.ApplicationFilterChain.doFilter(ApplicationFilterChain.java:158)
		at org.apache.catalina.core.StandardWrapperValve.invoke(StandardWrapperValve.java:197)
		at org.apache.catalina.core.StandardContextValve.invoke(StandardContextValve.java:97)
		at org.apache.catalina.authenticator.AuthenticatorBase.invoke(AuthenticatorBase.java:542)
		at org.apache.catalina.core.StandardHostValve.invoke(StandardHostValve.java:119)
		at org.apache.catalina.valves.ErrorReportValve.invoke(ErrorReportValve.java:92)
		at org.apache.catalina.valves.AbstractAccessLogValve.invoke(AbstractAccessLogValve.java:690)
		at org.apache.catalina.core.StandardEngineValve.invoke(StandardEngineValve.java:78)
		at org.apache.catalina.connector.CoyoteAdapter.service(CoyoteAdapter.java:356)
		at org.apache.coyote.http11.Http11Processor.service(Http11Processor.java:399)
		at org.apache.coyote.AbstractProcessorLight.process(AbstractProcessorLight.java:65)
		at org.apache.coyote.AbstractProtocol$ConnectionHandler.process(AbstractProtocol.java:870)
		at org.apache.tomcat.util.net.NioEndpoint$SocketProcessor.doRun(NioEndpoint.java:1762)
		at org.apache.tomcat.util.net.SocketProcessorBase.run(SocketProcessorBase.java:49)
		at org.apache.tomcat.util.threads.ThreadPoolExecutor.runWorker(ThreadPoolExecutor.java:1191)
		at org.apache.tomcat.util.threads.ThreadPoolExecutor$Worker.run(ThreadPoolExecutor.java:659)
		at org.apache.tomcat.util.threads.TaskThread$WrappingRunnable.run(TaskThread.java:61)
		at java.lang.Thread.run(Thread.java:748)
03-Jul-2024 19:48:15.927 INFOS [main] org.apache.catalina.core.ApplicationContext.log SessionListener: contextDestroyed()
03-Jul-2024 19:48:15.927 INFOS [main] org.apache.catalina.core.ApplicationContext.log ContextListener: contextDestroyed()
